open source     > 1 > 1 > /usr/share/texmf/tex/context/base/cont-yes.mkiv

ConTeXt  ver: 2015.05.18 12:26 MKIV current  fmt: 2018.12.28  int: english/english

system          > 'cont-new.mkiv' loaded
open source     > 2 > 2 > /usr/share/texmf/tex/context/base/cont-new.mkiv
close source    > 2 > 2 > /usr/share/texmf/tex/context/base/cont-new.mkiv
system          > files > jobname 'resume', input './resume', result 'resume'
fonts           > latin modern fonts are not preloaded
languages       > language 'en' is active
open source     > 2 > 3 > /home/user/Workspace/resume/output/resume.tex
colors          > defining > unknown library 'hex'
open source     > 3 > 4 > /usr/share/texmf/tex/context/base/type-imp-texgyre.mkiv
close source    > 3 > 4 > /usr/share/texmf/tex/context/base/type-imp-texgyre.mkiv
structure       > sectioning > section @ level 3 : 0.0.1 -> Zijun Zhang
setup           > error in line 1, namespace 'xtable', key 'body'
setup           > error in line 13, namespace 'xtable', key 'foot'
setup           > error in line 1, namespace 'xtable', key 'body'
setup           > error in line 13, namespace 'xtable', key 'foot'
setup           > error in line 1, namespace 'xtable', key 'body'
setup           > error in line 13, namespace 'xtable', key 'foot'
floatblocks     > '1' placed
structure       > sectioning > subsection @ level 4 : 0.0.1.1 ->  Education
structure       > sectioning > subsection @ level 4 : 0.0.1.2 ->  Publications
structure       > sectioning > subsection @ level 4 : 0.0.1.3 ->  Projects
structure       > sectioning > subsection @ level 4 : 0.0.1.4 ->  Skills
backend         > xmp > using file '/usr/share/texmf/tex/context/base/lpdf-pdx.xml'
pages           > flushing realpage 1, userpage 1
close source    > 2 > 4 > /home/user/Workspace/resume/output/resume.tex
close source    > 1 > 4 > /usr/share/texmf/tex/context/base/cont-yes.mkiv

system          > structure > start used structure

used structure  > text: resume

system          > structure > stop used structure


system          > files > start used files

used file       >    1: filename=cont-yes.mkiv filetype=tex foundname=/usr/share/texmf/tex/context/base/cont-yes.mkiv usedmethod=database
used file       >    2: filename=publ-imp-default.lua filetype=scripts foundname=/usr/share/texmf/tex/context/base/publ-imp-default.lua usedmethod=database
used file       >    3: filename=cont-new.mkiv filetype=tex foundname=/usr/share/texmf/tex/context/base/cont-new.mkiv usedmethod=database
used file       >    4: filename=lang-us.lua filetype=scripts foundname=/usr/share/texmf/tex/context/patterns/lang-us.lua usedmethod=database
used file       >    5: filename=/home/user/Workspace/resume/output/resume.tex foundname=/home/user/Workspace/resume/output/resume.tex usedmethod=direct
used file       >    6: filename=type-imp-texgyre.mkiv filetype=tex foundname=/usr/share/texmf/tex/context/base/type-imp-texgyre.mkiv usedmethod=database
used file       >    7: filename=lm.lfg filetype=tex foundname=/usr/share/texmf/tex/context/fonts/lm.lfg usedmethod=database
used file       >    8: filename=texgyreheros-regular filetype=otf format=otf foundname=/usr/share/texmf/fonts/opentype/public/tex-gyre/texgyreheros-regular.otf usedmethod=database
used file       >    9: filename=latinmodern-math.otf filetype=opentypefonts foundname=/usr/share/texmf/fonts/opentype/public/lm-math/latinmodern-math.otf usedmethod=database
used file       >   10: filename=texgyreheros-bold filetype=otf format=otf foundname=/usr/share/texmf/fonts/opentype/public/tex-gyre/texgyreheros-bold.otf usedmethod=database
used file       >   11: filename=lmmonolt10-bold filetype=otf format=otf foundname=/usr/share/texmf/fonts/opentype/public/lm/lmmonolt10-bold.otf usedmethod=database
used file       >   12: filename=texgyreheros-italic filetype=otf format=otf foundname=/usr/share/texmf/fonts/opentype/public/tex-gyre/texgyreheros-italic.otf usedmethod=database
used file       >   13: filename=lpdf-pdx.xml filetype=tex foundname=/usr/share/texmf/tex/context/base/lpdf-pdx.xml usedmethod=database

system          > files > stop used files


system          > options > start commandline options

used option     > currentrun="1"
used option     > fulljobname="./resume.tex"
used option     > input="./resume.tex"
used option     > kindofrun="1"
used option     > maxnofruns="9"
used option     > no-parse-first-line="true"

system          > options > stop commandline options

system          > options > start commandline files

used file       >    1: ./resume.tex

system          > options > stop commandline files


mkiv lua stats  > used config file: /usr/share/texmf/web2c/texmfcnf.lua;/usr/share/texlive/texmf-dist/web2c/texmfcnf.lua
mkiv lua stats  > used cache path: readable: '/var/lib/texmf/luatex-cache/context/b47c3d3cee7cb6c86268d0595268c442' | readable+writable: '/home/user/.texmf-var/luatex-cache/context/b47c3d3cee7cb6c86268d0595268c442'
mkiv lua stats  > resource resolver: loadtime 0.009 seconds, 0 scans with scantime 0.000 seconds, 0 shared scans, 13 found files, scanned paths: <none>
mkiv lua stats  > stored bytecode data: 371 modules (0.143 sec), 78 tables (0.005 sec), 449 chunks (0.148 sec)
mkiv lua stats  > traced context: maxstack: 1139, freed: 7, unreachable: 1132
mkiv lua stats  > running in nuts mode: yes
mkiv lua stats  > cleaned up reserved nodes: 53 nodes, 439 lists of 438
mkiv lua stats  > node memory usage: 56 hlist, 18 vlist, 12 disc, 65 glue, 36 kern, 72 penalty, 88 glyph, 259 attribute, 59 glue_spec, 58 attribute_list, 2 temp, 5 local_par, 10 dir
mkiv lua stats  > node list callback tasks: 6 unique task lists, 6 instances (re)created, 335 calls
mkiv lua stats  > used backend: pdf (backend for directly generating pdf output)
mkiv lua stats  > loaded patterns: en::2, load time: 0.000
mkiv lua stats  > jobdata time: 0.001 seconds saving, 0.000 seconds loading
mkiv lua stats  > callbacks: 776 direct, 754 indirect, 1530 total
mkiv lua stats  > randomizer: resumed with value 0.41908947165082
mkiv lua stats  > interactive elements: 2 references, 9 destinations
mkiv lua stats  > result saved in file: resume.pdf, compresslevel 3, objectcompresslevel 3
mkiv lua stats  > loaded fonts: 5 files: latinmodern-math.otf, lmmonolt10-bold.otf, texgyreheros-bold.otf, texgyreheros-italic.otf, texgyreheros-regular.otf
mkiv lua stats  > fonts load time: 0.135 seconds for 11 fonts, 4 shared in backend, 0 common vectors, 4 common hashes
mkiv lua stats  > pdf annotations: 2 links (2 unique), 0 special
mkiv lua stats  > used platform: linux-64, type: unix, binary subtree: usr
mkiv lua stats  > luatex banner: this is luatex, version beta-0.80.0 (tex live 2015/debian) (rev 5238)
mkiv lua stats  > control sequences: 43451 of 65536 + 100000
mkiv lua stats  > lua properties: engine: lua, used memory: 73 MB (ctx: 73 MB), hash type: lua, hash chars: min(64,40), symbol mask: utf (τεχ)
mkiv lua stats  > runtime: 0.417 seconds, 1 processed pages, 1 shipped pages, 2.398 pages/second

